<?xml version="1.0" ?>
<!DOCTYPE coverage SYSTEM "http://cobertura.sourceforge.net/xml/coverage-04.dtd">
<coverage lines-valid="76" lines-covered="76" line-rate="1" branches-valid="23" branches-covered="23" branch-rate="1" timestamp="1722314923025" complexity="0" version="0.1">
  <sources>
    <source>/Users/bytedance/WebstormProjects/formmy/packages/store</source>
  </sources>
  <packages>
    <package name="main" line-rate="1" branch-rate="1">
      <classes>
        <class name="index.ts" filename="src/index.ts" line-rate="1" branch-rate="1">
          <methods>
            <method name="updateState" hits="12" signature="()V">
              <lines>
                <line number="5" hits="12"/>
              </lines>
            </method>
            <method name="Store" hits="9" signature="()V">
              <lines>
                <line number="23" hits="9"/>
              </lines>
            </method>
            <method name="subscribe" hits="7" signature="()V">
              <lines>
                <line number="27" hits="7"/>
              </lines>
            </method>
            <method name="selector" hits="6" signature="()V">
              <lines>
                <line number="28" hits="6"/>
              </lines>
            </method>
            <method name="callback" hits="9" signature="()V">
              <lines>
                <line number="34" hits="9"/>
              </lines>
            </method>
            <method name="update" hits="12" signature="()V">
              <lines>
                <line number="54" hits="12"/>
              </lines>
            </method>
            <method name="reset" hits="2" signature="()V">
              <lines>
                <line number="59" hits="2"/>
              </lines>
            </method>
            <method name="clear" hits="1" signature="()V">
              <lines>
                <line number="64" hits="1"/>
              </lines>
            </method>
            <method name="flush" hits="14" signature="()V">
              <lines>
                <line number="70" hits="14"/>
              </lines>
            </method>
            <method name="callListener" hits="10" signature="()V">
              <lines>
                <line number="71" hits="10"/>
              </lines>
            </method>
          </methods>
          <lines>
            <line number="1" hits="1" branch="false"/>
            <line number="3" hits="1" branch="false"/>
            <line number="5" hits="1" branch="true" condition-coverage="100% (1/1)"/>
            <line number="6" hits="12" branch="true" condition-coverage="100% (1/1)"/>
            <line number="7" hits="4" branch="false"/>
            <line number="8" hits="4" branch="true" condition-coverage="100% (1/1)"/>
            <line number="9" hits="8" branch="false"/>
            <line number="10" hits="8" branch="false"/>
            <line number="12" hits="1" branch="false"/>
            <line number="13" hits="1" branch="false"/>
            <line number="14" hits="1" branch="false"/>
            <line number="15" hits="1" branch="false"/>
            <line number="17" hits="1" branch="false"/>
            <line number="19" hits="1" branch="false"/>
            <line number="20" hits="1" branch="false"/>
            <line number="21" hits="1" branch="false"/>
            <line number="23" hits="1" branch="true" condition-coverage="100% (1/1)"/>
            <line number="24" hits="9" branch="false"/>
            <line number="25" hits="9" branch="false"/>
            <line number="27" hits="1" branch="true" condition-coverage="100% (1/1)"/>
            <line number="28" hits="7" branch="true" condition-coverage="100% (1/1)"/>
            <line number="29" hits="7" branch="false"/>
            <line number="30" hits="7" branch="false"/>
            <line number="31" hits="7" branch="false"/>
            <line number="32" hits="7" branch="false"/>
            <line number="33" hits="7" branch="false"/>
            <line number="34" hits="7" branch="true" condition-coverage="100% (1/1)"/>
            <line number="35" hits="9" branch="false"/>
            <line number="36" hits="9" branch="false"/>
            <line number="38" hits="9" branch="false"/>
            <line number="39" hits="9" branch="true" condition-coverage="100% (1/1)"/>
            <line number="40" hits="7" branch="false"/>
            <line number="41" hits="7" branch="false"/>
            <line number="42" hits="9" branch="false"/>
            <line number="43" hits="7" branch="true" condition-coverage="100% (2/2)"/>
            <line number="44" hits="7" branch="false"/>
            <line number="45" hits="7" branch="true" condition-coverage="100% (1/1)"/>
            <line number="46" hits="1" branch="false"/>
            <line number="47" hits="1" branch="false"/>
            <line number="48" hits="7" branch="true" condition-coverage="100% (1/1)"/>
            <line number="49" hits="5" branch="false"/>
            <line number="50" hits="5" branch="false"/>
            <line number="51" hits="5" branch="false"/>
            <line number="52" hits="7" branch="false"/>
            <line number="54" hits="1" branch="true" condition-coverage="100% (1/1)"/>
            <line number="55" hits="12" branch="false"/>
            <line number="56" hits="12" branch="false"/>
            <line number="57" hits="12" branch="false"/>
            <line number="59" hits="1" branch="true" condition-coverage="100% (1/1)"/>
            <line number="60" hits="2" branch="false"/>
            <line number="61" hits="2" branch="false"/>
            <line number="62" hits="2" branch="false"/>
            <line number="64" hits="1" branch="true" condition-coverage="100% (1/1)"/>
            <line number="65" hits="1" branch="false"/>
            <line number="66" hits="1" branch="false"/>
            <line number="67" hits="1" branch="false"/>
            <line number="68" hits="1" branch="false"/>
            <line number="70" hits="1" branch="true" condition-coverage="100% (1/1)"/>
            <line number="71" hits="14" branch="true" condition-coverage="100% (1/1)"/>
            <line number="72" hits="10" branch="true" condition-coverage="100% (2/2)"/>
            <line number="73" hits="1" branch="false"/>
            <line number="74" hits="1" branch="true" condition-coverage="100% (1/1)"/>
            <line number="75" hits="9" branch="false"/>
            <line number="76" hits="10" branch="false"/>
            <line number="81" hits="14" branch="false"/>
            <line number="82" hits="14" branch="true" condition-coverage="100% (1/1)"/>
            <line number="83" hits="5" branch="false"/>
            <line number="84" hits="5" branch="true" condition-coverage="100% (1/1)"/>
            <line number="85" hits="9" branch="false"/>
            <line number="86" hits="9" branch="true" condition-coverage="100% (1/1)"/>
            <line number="87" hits="9" branch="false"/>
            <line number="88" hits="9" branch="false"/>
            <line number="89" hits="9" branch="false"/>
            <line number="90" hits="14" branch="false"/>
            <line number="91" hits="1" branch="false"/>
          </lines>
        </class>
        <class name="types.ts" filename="src/types.ts" line-rate="1" branch-rate="1">
          <methods>
          </methods>
          <lines>
            <line number="1" hits="1" branch="false"/>
          </lines>
        </class>
      </classes>
    </package>
  </packages>
</coverage>
