{"/Users/bytedance/WebstormProjects/formmy/packages/store/src/index.ts": {"path":"/Users/bytedance/WebstormProjects/formmy/packages/store/src/index.ts","all":false,"statementMap":{"0":{"start":{"line":1,"column":0},"end":{"line":1,"column":102}},"2":{"start":{"line":3,"column":0},"end":{"line":3,"column":24}},"4":{"start":{"line":5,"column":0},"end":{"line":5,"column":71}},"5":{"start":{"line":6,"column":0},"end":{"line":6,"column":36}},"6":{"start":{"line":7,"column":0},"end":{"line":7,"column":26}},"7":{"start":{"line":8,"column":0},"end":{"line":8,"column":3}},"8":{"start":{"line":9,"column":0},"end":{"line":9,"column":17}},"9":{"start":{"line":10,"column":0},"end":{"line":10,"column":1}},"11":{"start":{"line":12,"column":0},"end":{"line":12,"column":31}},"12":{"start":{"line":13,"column":0},"end":{"line":13,"column":45}},"13":{"start":{"line":14,"column":0},"end":{"line":14,"column":54}},"14":{"start":{"line":15,"column":0},"end":{"line":15,"column":56}},"16":{"start":{"line":17,"column":0},"end":{"line":17,"column":30}},"18":{"start":{"line":19,"column":0},"end":{"line":19,"column":18}},"19":{"start":{"line":20,"column":0},"end":{"line":20,"column":23}},"20":{"start":{"line":21,"column":0},"end":{"line":21,"column":3}},"22":{"start":{"line":23,"column":0},"end":{"line":23,"column":40}},"23":{"start":{"line":24,"column":0},"end":{"line":24,"column":31}},"24":{"start":{"line":25,"column":0},"end":{"line":25,"column":3}},"26":{"start":{"line":27,"column":0},"end":{"line":27,"column":20}},"27":{"start":{"line":28,"column":0},"end":{"line":28,"column":40}},"28":{"start":{"line":29,"column":0},"end":{"line":29,"column":13}},"29":{"start":{"line":30,"column":0},"end":{"line":30,"column":14}},"30":{"start":{"line":31,"column":0},"end":{"line":31,"column":16}},"31":{"start":{"line":32,"column":0},"end":{"line":32,"column":45}},"32":{"start":{"line":33,"column":0},"end":{"line":33,"column":41}},"33":{"start":{"line":34,"column":0},"end":{"line":34,"column":47}},"34":{"start":{"line":35,"column":0},"end":{"line":35,"column":44}},"35":{"start":{"line":36,"column":0},"end":{"line":36,"column":54}},"37":{"start":{"line":38,"column":0},"end":{"line":38,"column":31}},"38":{"start":{"line":39,"column":0},"end":{"line":39,"column":25}},"39":{"start":{"line":40,"column":0},"end":{"line":40,"column":31}},"40":{"start":{"line":41,"column":0},"end":{"line":41,"column":7}},"41":{"start":{"line":42,"column":0},"end":{"line":42,"column":6}},"42":{"start":{"line":43,"column":0},"end":{"line":43,"column":69}},"43":{"start":{"line":44,"column":0},"end":{"line":44,"column":22}},"44":{"start":{"line":45,"column":0},"end":{"line":45,"column":22}},"45":{"start":{"line":46,"column":0},"end":{"line":46,"column":46}},"46":{"start":{"line":47,"column":0},"end":{"line":47,"column":5}},"47":{"start":{"line":48,"column":0},"end":{"line":48,"column":18}},"48":{"start":{"line":49,"column":0},"end":{"line":49,"column":27}},"49":{"start":{"line":50,"column":0},"end":{"line":50,"column":49}},"50":{"start":{"line":51,"column":0},"end":{"line":51,"column":6}},"51":{"start":{"line":52,"column":0},"end":{"line":52,"column":3}},"53":{"start":{"line":54,"column":0},"end":{"line":54,"column":42}},"54":{"start":{"line":55,"column":0},"end":{"line":55,"column":52}},"55":{"start":{"line":56,"column":0},"end":{"line":56,"column":17}},"56":{"start":{"line":57,"column":0},"end":{"line":57,"column":3}},"58":{"start":{"line":59,"column":0},"end":{"line":59,"column":17}},"59":{"start":{"line":60,"column":0},"end":{"line":60,"column":36}},"60":{"start":{"line":61,"column":0},"end":{"line":61,"column":21}},"61":{"start":{"line":62,"column":0},"end":{"line":62,"column":3}},"63":{"start":{"line":64,"column":0},"end":{"line":64,"column":17}},"64":{"start":{"line":65,"column":0},"end":{"line":65,"column":27}},"65":{"start":{"line":66,"column":0},"end":{"line":66,"column":36}},"66":{"start":{"line":67,"column":0},"end":{"line":67,"column":38}},"67":{"start":{"line":68,"column":0},"end":{"line":68,"column":3}},"69":{"start":{"line":70,"column":0},"end":{"line":70,"column":34}},"70":{"start":{"line":71,"column":0},"end":{"line":71,"column":53}},"71":{"start":{"line":72,"column":0},"end":{"line":72,"column":61}},"72":{"start":{"line":73,"column":0},"end":{"line":73,"column":15}},"73":{"start":{"line":74,"column":0},"end":{"line":74,"column":7}},"74":{"start":{"line":75,"column":0},"end":{"line":75,"column":27}},"75":{"start":{"line":76,"column":0},"end":{"line":76,"column":6}},"80":{"start":{"line":81,"column":0},"end":{"line":81,"column":50}},"81":{"start":{"line":82,"column":0},"end":{"line":82,"column":27}},"82":{"start":{"line":83,"column":0},"end":{"line":83,"column":13}},"83":{"start":{"line":84,"column":0},"end":{"line":84,"column":5}},"84":{"start":{"line":85,"column":0},"end":{"line":85,"column":28}},"85":{"start":{"line":86,"column":0},"end":{"line":86,"column":22}},"86":{"start":{"line":87,"column":0},"end":{"line":87,"column":31}},"87":{"start":{"line":88,"column":0},"end":{"line":88,"column":43}},"88":{"start":{"line":89,"column":0},"end":{"line":89,"column":7}},"89":{"start":{"line":90,"column":0},"end":{"line":90,"column":3}},"90":{"start":{"line":91,"column":0},"end":{"line":91,"column":1}}},"s":{"0":1,"2":1,"4":1,"5":12,"6":4,"7":4,"8":8,"9":8,"11":1,"12":1,"13":1,"14":1,"16":1,"18":1,"19":1,"20":1,"22":1,"23":9,"24":9,"26":1,"27":7,"28":7,"29":7,"30":7,"31":7,"32":7,"33":7,"34":9,"35":9,"37":9,"38":9,"39":7,"40":7,"41":9,"42":7,"43":7,"44":7,"45":1,"46":1,"47":7,"48":5,"49":5,"50":5,"51":7,"53":1,"54":12,"55":12,"56":12,"58":1,"59":2,"60":2,"61":2,"63":1,"64":1,"65":1,"66":1,"67":1,"69":1,"70":14,"71":10,"72":1,"73":1,"74":9,"75":10,"80":14,"81":14,"82":5,"83":5,"84":9,"85":9,"86":9,"87":9,"88":9,"89":14,"90":1},"branchMap":{"0":{"type":"branch","line":5,"loc":{"start":{"line":5,"column":7},"end":{"line":10,"column":1}},"locations":[{"start":{"line":5,"column":7},"end":{"line":10,"column":1}}]},"1":{"type":"branch","line":6,"loc":{"start":{"line":6,"column":35},"end":{"line":8,"column":3}},"locations":[{"start":{"line":6,"column":35},"end":{"line":8,"column":3}}]},"2":{"type":"branch","line":8,"loc":{"start":{"line":8,"column":2},"end":{"line":10,"column":1}},"locations":[{"start":{"line":8,"column":2},"end":{"line":10,"column":1}}]},"3":{"type":"branch","line":23,"loc":{"start":{"line":23,"column":2},"end":{"line":25,"column":3}},"locations":[{"start":{"line":23,"column":2},"end":{"line":25,"column":3}}]},"4":{"type":"branch","line":27,"loc":{"start":{"line":27,"column":2},"end":{"line":52,"column":3}},"locations":[{"start":{"line":27,"column":2},"end":{"line":52,"column":3}}]},"5":{"type":"branch","line":43,"loc":{"start":{"line":43,"column":16},"end":{"line":43,"column":54}},"locations":[{"start":{"line":43,"column":16},"end":{"line":43,"column":54}}]},"6":{"type":"branch","line":43,"loc":{"start":{"line":43,"column":33},"end":{"line":43,"column":69}},"locations":[{"start":{"line":43,"column":33},"end":{"line":43,"column":69}}]},"7":{"type":"branch","line":45,"loc":{"start":{"line":45,"column":21},"end":{"line":47,"column":5}},"locations":[{"start":{"line":45,"column":21},"end":{"line":47,"column":5}}]},"8":{"type":"branch","line":28,"loc":{"start":{"line":28,"column":15},"end":{"line":28,"column":40}},"locations":[{"start":{"line":28,"column":15},"end":{"line":28,"column":40}}]},"9":{"type":"branch","line":34,"loc":{"start":{"line":34,"column":34},"end":{"line":42,"column":6}},"locations":[{"start":{"line":34,"column":34},"end":{"line":42,"column":6}}]},"10":{"type":"branch","line":39,"loc":{"start":{"line":39,"column":24},"end":{"line":41,"column":7}},"locations":[{"start":{"line":39,"column":24},"end":{"line":41,"column":7}}]},"11":{"type":"branch","line":48,"loc":{"start":{"line":48,"column":11},"end":{"line":51,"column":6}},"locations":[{"start":{"line":48,"column":11},"end":{"line":51,"column":6}}]},"12":{"type":"branch","line":54,"loc":{"start":{"line":54,"column":2},"end":{"line":57,"column":3}},"locations":[{"start":{"line":54,"column":2},"end":{"line":57,"column":3}}]},"13":{"type":"branch","line":59,"loc":{"start":{"line":59,"column":2},"end":{"line":62,"column":3}},"locations":[{"start":{"line":59,"column":2},"end":{"line":62,"column":3}}]},"14":{"type":"branch","line":64,"loc":{"start":{"line":64,"column":2},"end":{"line":68,"column":3}},"locations":[{"start":{"line":64,"column":2},"end":{"line":68,"column":3}}]},"15":{"type":"branch","line":70,"loc":{"start":{"line":70,"column":10},"end":{"line":90,"column":3}},"locations":[{"start":{"line":70,"column":10},"end":{"line":90,"column":3}}]},"16":{"type":"branch","line":82,"loc":{"start":{"line":82,"column":26},"end":{"line":84,"column":5}},"locations":[{"start":{"line":82,"column":26},"end":{"line":84,"column":5}}]},"17":{"type":"branch","line":84,"loc":{"start":{"line":84,"column":4},"end":{"line":89,"column":7}},"locations":[{"start":{"line":84,"column":4},"end":{"line":89,"column":7}}]},"18":{"type":"branch","line":71,"loc":{"start":{"line":71,"column":25},"end":{"line":76,"column":6}},"locations":[{"start":{"line":71,"column":25},"end":{"line":76,"column":6}}]},"19":{"type":"branch","line":72,"loc":{"start":{"line":72,"column":10},"end":{"line":72,"column":60}},"locations":[{"start":{"line":72,"column":10},"end":{"line":72,"column":60}}]},"20":{"type":"branch","line":72,"loc":{"start":{"line":72,"column":60},"end":{"line":74,"column":7}},"locations":[{"start":{"line":72,"column":60},"end":{"line":74,"column":7}}]},"21":{"type":"branch","line":74,"loc":{"start":{"line":74,"column":6},"end":{"line":75,"column":27}},"locations":[{"start":{"line":74,"column":6},"end":{"line":75,"column":27}}]},"22":{"type":"branch","line":86,"loc":{"start":{"line":86,"column":15},"end":{"line":89,"column":5}},"locations":[{"start":{"line":86,"column":15},"end":{"line":89,"column":5}}]}},"b":{"0":[12],"1":[4],"2":[8],"3":[9],"4":[7],"5":[5],"6":[2],"7":[1],"8":[6],"9":[9],"10":[7],"11":[5],"12":[12],"13":[2],"14":[1],"15":[14],"16":[5],"17":[9],"18":[10],"19":[1],"20":[1],"21":[9],"22":[9]},"fnMap":{"0":{"name":"updateState","decl":{"start":{"line":5,"column":7},"end":{"line":10,"column":1}},"loc":{"start":{"line":5,"column":7},"end":{"line":10,"column":1}},"line":5},"1":{"name":"Store","decl":{"start":{"line":23,"column":2},"end":{"line":25,"column":3}},"loc":{"start":{"line":23,"column":2},"end":{"line":25,"column":3}},"line":23},"2":{"name":"subscribe","decl":{"start":{"line":27,"column":2},"end":{"line":52,"column":3}},"loc":{"start":{"line":27,"column":2},"end":{"line":52,"column":3}},"line":27},"3":{"name":"selector","decl":{"start":{"line":28,"column":15},"end":{"line":28,"column":40}},"loc":{"start":{"line":28,"column":15},"end":{"line":28,"column":40}},"line":28},"4":{"name":"callback","decl":{"start":{"line":34,"column":34},"end":{"line":42,"column":6}},"loc":{"start":{"line":34,"column":34},"end":{"line":42,"column":6}},"line":34},"5":{"name":"update","decl":{"start":{"line":54,"column":2},"end":{"line":57,"column":3}},"loc":{"start":{"line":54,"column":2},"end":{"line":57,"column":3}},"line":54},"6":{"name":"reset","decl":{"start":{"line":59,"column":2},"end":{"line":62,"column":3}},"loc":{"start":{"line":59,"column":2},"end":{"line":62,"column":3}},"line":59},"7":{"name":"clear","decl":{"start":{"line":64,"column":2},"end":{"line":68,"column":3}},"loc":{"start":{"line":64,"column":2},"end":{"line":68,"column":3}},"line":64},"8":{"name":"flush","decl":{"start":{"line":70,"column":10},"end":{"line":90,"column":3}},"loc":{"start":{"line":70,"column":10},"end":{"line":90,"column":3}},"line":70},"9":{"name":"callListener","decl":{"start":{"line":71,"column":25},"end":{"line":76,"column":6}},"loc":{"start":{"line":71,"column":25},"end":{"line":76,"column":6}},"line":71}},"f":{"0":12,"1":9,"2":7,"3":6,"4":9,"5":12,"6":2,"7":1,"8":14,"9":10}}
,"/Users/bytedance/WebstormProjects/formmy/packages/store/src/types.ts": {"path":"/Users/bytedance/WebstormProjects/formmy/packages/store/src/types.ts","all":false,"statementMap":{"0":{"start":{"line":1,"column":0},"end":{"line":1,"column":13}}},"s":{"0":1},"branchMap":{},"b":{},"fnMap":{},"f":{}}
}
